#
# A fatal error has been detected by the Java Runtime Environment:
#
#  EXCEPTION_ACCESS_VIOLATION (0xc0000005) at pc=0x00007ff93d4270ea, pid=17056, tid=4800
#
# JRE version: OpenJDK Runtime Environment Corretto-17.0.0.35.1 (17.0+35) (build 17+35-LTS)
# Java VM: OpenJDK 64-Bit Server VM Corretto-17.0.0.35.1 (17+35-LTS, mixed mode, sharing, tiered, compressed oops, compressed class ptrs, g1 gc, windows-amd64)
# Problematic frame:
# V  [jvm.dll+0x7670ea]
#
# No core dump will be written. Minidumps are not enabled by default on client versions of Windows
#
# If you would like to submit a bug report, please visit:
#   https://github.com/corretto/corretto-17/issues/
#

---------------  S U M M A R Y ------------

Command Line: -XX:+ShowCodeDetailsInExceptionMessages -agentlib:jdwp=transport=dt_socket,suspend=y,address=localhost:58067 -javaagent:C:\Users\scott\Tools\jee-2025-03\eclipse\configuration\org.eclipse.osgi\451\0\.cp\lib\javaagent-shaded.jar -Dfile.encoding=UTF-8 -Dstdout.encoding=UTF-8 -Dstderr.encoding=UTF-8 com.norpactech.pf.rdbms.Application

Host: AMD Ryzen 7 5825U with Radeon Graphics         , 16 cores, 31G,  Windows 10 , 64 bit Build 26100 (10.0.26100.4768)
Time: Fri Aug  1 09:03:13 2025 Pacific Daylight Time elapsed time: 36.559541 seconds (0d 0h 0m 36s)

---------------  T H R E A D  ---------------

Current thread (0x00000151ffda4a60):  JavaThread "JDWP Transport Listener: dt_socket" daemon [_thread_in_vm, id=4800, stack(0x0000004da2000000,0x0000004da2100000)]

Stack: [0x0000004da2000000,0x0000004da2100000],  sp=0x0000004da20ff6c0,  free space=1021k
Native frames: (J=compiled Java code, j=interpreted, Vv=VM code, C=native code)
V  [jvm.dll+0x7670ea]
V  [jvm.dll+0x4e2ea8]
V  [jvm.dll+0x4b4a74]
C  [jdwp.dll+0x22a44]


siginfo: EXCEPTION_ACCESS_VIOLATION (0xc0000005), reading address 0x000000000073000e


Register to memory mapping:

RIP=0x00007ff93d4270ea jvm.dll
RAX=0x0000000000000072 is an unknown value
RBX=0x00000151ffce98eb points into unknown readable memory: 61 70 69 2f 6d
RCX=0x000000000073000a is an unknown value
RDX=0x0000015188f707f0 points into unknown readable memory: 0x726f6e2f6d6f634c | 4c 63 6f 6d 2f 6e 6f 72
RSP=0x0000004da20ff6c0 is pointing into the stack for thread: 0x00000151ffda4a60
RBP=0x00000151ffdabf50 points into unknown readable memory: 0x0043005000000002 | 02 00 00 00 50 00 43 00
RSI=0x0 is NULL
RDI=0xffffffffffffffff is an unknown value
R8 =0xffffffffff657797 is an unknown value
R9 =0x0000000000000016 is an unknown value
R10=0x0 is NULL
R11=0x0000004da20ff6e0 is pointing into the stack for thread: 0x00000151ffda4a60
R12=0x0000004da20ff7e8 is pointing into the stack for thread: 0x00000151ffda4a60
R13=0x0 is NULL
R14=0x0000000800cbd418 is a pointer to class: 
com.norpactech.pf.rdbms.repository.CardinalityRepository {0x0000000800cbd420}
 - instance size:     2
 - klass size:        76
 - access:            public synchronized 
 - state:             fully_initialized
 - name:              'com/norpactech/pf/rdbms/repository/CardinalityRepository'
 - super:             'com/norpactech/pf/rdbms/repository/ParetoApiRepository'
 - sub:               
 - arrays:            NULL
 - methods:           Array<T>(0x000001518856fe60)
 - method ordering:   Array<T>(0x000001518856a390)
 - default_methods:   Array<T>(0x0000000000000000)
 - local interfaces:  Array<T>(0x00000008005aef10)
 - trans. interfaces: Array<T>(0x00000008005aef10)
 - constants:         constant pool [132]/operands[5] {0x000001518856acd8} for 'com/norpactech/pf/rdbms/repository/CardinalityRepository' cache=0x000001518856b1a8
 - class loader data:  loader data: 0x00000151ffcebcd0 for instance a 'jdk/internal/loader/ClassLoaders$AppClassLoader'{0x0000000626400000}
 - source file:       'CardinalityRepository.java'
 - source debug extension:       SMAP
CardinalityRepository.java
Java
*S jdt
*F
1 CardinalityRepository.java
2 file:/C:/Users/scott/Pareto/pareto-rdbms-import/target/classes/
*L
*E

 - class annotations:       Array<T>(0x0000000000000000)
 - class type annotations:  Array<T>(0x0000000000000000)
 - field annotations:       Array<T>(0x0000000000000000)
 - field type annotations:  Array<T>(0x0000000000000000)
 - generic signature: '
[error occurred during error reporting (printing register info), id 0xc0000005, EXCEPTION_ACCESS_VIOLATION (0xc0000005) at pc=0x00007ff93d427cb6]

Registers:
RAX=0x0000000000000072, RBX=0x00000151ffce98eb, RCX=0x000000000073000a, RDX=0x0000015188f707f0
RSP=0x0000004da20ff6c0, RBP=0x00000151ffdabf50, RSI=0x0000000000000000, RDI=0xffffffffffffffff
R8 =0xffffffffff657797, R9 =0x0000000000000016, R10=0x0000000000000000, R11=0x0000004da20ff6e0
R12=0x0000004da20ff7e8, R13=0x0000000000000000, R14=0x0000000800cbd418, R15=0x0000004da20ff838
RIP=0x00007ff93d4270ea, EFLAGS=0x0000000000010206

Top of Stack: (sp=0x0000004da20ff6c0)
0x0000004da20ff6c0:   0000000000000038 0000000800cbd418
0x0000004da20ff6d0:   0000015184fabd50 00000151ffc8d921
0x0000004da20ff6e0:   ffffffffffffffff 00007ff93d1a2ea8
0x0000004da20ff6f0:   00000151ffce98eb 00000151ffce98b0
0x0000004da20ff700:   00000151ffdabf50 0000000000000000
0x0000004da20ff710:   00000151ffce9860 00000000000003d8
0x0000004da20ff720:   00000151ffce9870 00000151ffce9c48
0x0000004da20ff730:   0000000000000002 0000004da20ff7e8
0x0000004da20ff740:   00000151d4cf1a80 0000004da20ff838
0x0000004da20ff750:   00000151ffda4a60 00007ff93d174a74
0x0000004da20ff760:   0000000628d102d0 0000000000000000
0x0000004da20ff770:   0000000000000000 0000004da20ff838
0x0000004da20ff780:   00000151ffda4a60 0000000000000000
0x0000004da20ff790:   0000015100000000 0000000000000000
0x0000004da20ff7a0:   000000000000000d 00007ff9b0292a44
0x0000004da20ff7b0:   0000004da20ff830 0000000000000000 

Instructions: (pc=0x00007ff93d4270ea)
0x00007ff93d426fea:   48 83 c4 20 5f e9 7c fc 94 ff cc cc cc cc cc cc
0x00007ff93d426ffa:   cc cc cc cc cc cc 48 89 5c 24 08 57 48 83 ec 20
0x00007ff93d42700a:   83 fa 02 8d 42 06 b9 08 00 00 00 49 8b d8 0f 4e
0x00007ff93d42701a:   c1 48 63 c8 48 83 c1 07 83 e1 f8 48 63 f9 49 8b
0x00007ff93d42702a:   48 18 48 8b c7 48 f7 d0 48 3b c1 73 16 4c 8d 05
0x00007ff93d42703a:   8a e3 16 00 48 8b d7 48 8b cb e8 f7 5d 95 ff 48
0x00007ff93d42704a:   8b 4b 18 48 8d 04 39 48 3b 43 20 76 18 45 33 c0
0x00007ff93d42705a:   48 8b d7 48 8b cb 48 8b 5c 24 30 48 83 c4 20 5f
0x00007ff93d42706a:   e9 a1 5a 95 ff 48 89 43 18 48 8b c1 48 8b 5c 24
0x00007ff93d42707a:   30 48 83 c4 20 5f c3 cc cc cc cc cc cc cc cc cc
0x00007ff93d42708a:   cc cc cc cc cc cc 4c 8b d2 4c 8b d9 45 85 c0 7e
0x00007ff93d42709a:   3c 44 0f b7 49 04 41 8d 40 ff 45 3b c1 44 0f 4e
0x00007ff93d4270aa:   c8 4d 63 c1 45 85 c9 7e 1f 48 8b c2 4c 2b da 49
0x00007ff93d4270ba:   8b d0 0f 1f 40 00 41 0f b6 4c 03 06 88 08 48 8d
0x00007ff93d4270ca:   40 01 48 83 ea 01 75 ee 43 c6 04 10 00 49 8b c2
0x00007ff93d4270da:   c3 cc cc cc cc cc 48 89 5c 24 08 57 48 83 ec 20
0x00007ff93d4270ea:   0f b7 59 04 48 8b f9 33 d2 48 8d 4b 01 e8 34 25
0x00007ff93d4270fa:   f3 ff 0f b7 57 04 8d 4b 01 3b ca 4c 8b c0 0f 46
0x00007ff93d42710a:   d3 4c 63 ca 85 d2 7e 31 48 8b c8 48 2b f8 49 8b
0x00007ff93d42711a:   d1 0f 1f 44 00 00 0f b6 44 0f 06 88 01 48 8d 49
0x00007ff93d42712a:   01 48 83 ea 01 75 ef 43 88 14 01 49 8b c0 48 8b
0x00007ff93d42713a:   5c 24 30 48 83 c4 20 5f c3 48 8b 5c 24 30 41 c6
0x00007ff93d42714a:   04 01 00 48 83 c4 20 5f c3 cc cc cc cc cc cc cc
0x00007ff93d42715a:   cc cc cc cc cc cc 4c 8b d1 45 85 c0 7e 6c 44 0f
0x00007ff93d42716a:   b7 49 04 41 8d 40 ff 45 3b c1 44 0f 4e c8 4d 63
0x00007ff93d42717a:   d9 45 85 c9 7e 22 48 8b ca 4c 2b d2 4d 8b c3 0f
0x00007ff93d42718a:   1f 80 00 00 00 00 41 0f b6 44 0a 06 88 01 48 8d
0x00007ff93d42719a:   49 01 49 83 e8 01 75 ee 41 c6 04 13 00 48 c7 c0
0x00007ff93d4271aa:   ff ff ff ff 66 90 48 ff c0 80 3c 02 00 75 f7 48
0x00007ff93d4271ba:   63 c8 85 c0 48 8b c2 7e 14 80 38 2f 75 03 c6 00
0x00007ff93d4271ca:   2e 48 ff c0 48 83 e9 01 75 ef 48 8b c2 c3 cc cc
0x00007ff93d4271da:   cc cc cc cc cc cc 48 83 ec 28 e8 f7 fe ff ff 4c 


Stack slot to memory mapping:
stack at sp + 0 slots: 0x0000000000000038 is an unknown value
stack at sp + 1 slots: 0x0000000800cbd418 is a pointer to class: 
com.norpactech.pf.rdbms.repository.CardinalityRepository {0x0000000800cbd420}
 - instance size:     2
 - klass size:        76
 - access:            public synchronized 
 - state:             fully_initialized
 - name:              'com/norpactech/pf/rdbms/repository/CardinalityRepository'
 - super:             'com/norpactech/pf/rdbms/repository/ParetoApiRepository'
 - sub:               
 - arrays:            NULL
 - methods:           Array<T>(0x000001518856fe60)
 - method ordering:   Array<T>(0x000001518856a390)
 - default_methods:   Array<T>(0x0000000000000000)
 - local interfaces:  Array<T>(0x00000008005aef10)
 - trans. interfaces: Array<T>(0x00000008005aef10)
 - constants:         constant pool [132]/operands[5] {0x000001518856acd8} for 'com/norpactech/pf/rdbms/repository/CardinalityRepository' cache=0x000001518856b1a8
 - class loader data:  loader data: 0x00000151ffcebcd0 for instance a 'jdk/internal/loader/ClassLoaders$AppClassLoader'{0x0000000626400000}
 - source file:       'CardinalityRepository.java'
 - source debug extension:       SMAP
CardinalityRepository.java
Java
*S jdt
*F
1 CardinalityRepository.java
2 file:/C:/Users/scott/Pareto/pareto-rdbms-import/target/classes/
*L
*E

 - class annotations:       Array<T>(0x0000000000000000)
 - class type annotations:  Array<T>(0x0000000000000000)
 - field annotations:       Array<T>(0x0000000000000000)
 - field type annotations:  Array<T>(0x0000000000000000)
 - generic signature: '
[error occurred during error reporting (inspecting top of stack), id 0xc0000005, EXCEPTION_ACCESS_VIOLATION (0xc0000005) at pc=0x00007ff93d427cb6]


---------------  P R O C E S S  ---------------

Threads class SMR info:
_java_thread_list=0x0000015186693ac0, length=19, elements={
0x00000151d4d017e0, 0x00000151ffb93870, 0x00000151ffb95040, 0x00000151ffba5e60,
0x00000151ffba8430, 0x00000151ffba89f0, 0x00000151ffbacfd0, 0x00000151ffbae8d0,
0x00000151ffbaef80, 0x00000151ffbaf580, 0x00000151ffcdaad0, 0x00000151ffda4a60,
0x00000151ffdd4610, 0x00000151ffdd5b10, 0x0000015182e74030, 0x000001518460a600,
0x0000015184518670, 0x0000015184aa0310, 0x00000151845dd4b0
}

Java Threads: ( => current thread )
  0x00000151d4d017e0 JavaThread "main" [_thread_blocked, id=14560, stack(0x0000004da0b00000,0x0000004da0c00000)]
  0x00000151ffb93870 JavaThread "Reference Handler" daemon [_thread_blocked, id=1700, stack(0x0000004da1200000,0x0000004da1300000)]
  0x00000151ffb95040 JavaThread "Finalizer" daemon [_thread_blocked, id=16408, stack(0x0000004da1300000,0x0000004da1400000)]
  0x00000151ffba5e60 JavaThread "Signal Dispatcher" daemon [_thread_blocked, id=23496, stack(0x0000004da1400000,0x0000004da1500000)]
  0x00000151ffba8430 JavaThread "Attach Listener" daemon [_thread_blocked, id=25056, stack(0x0000004da1500000,0x0000004da1600000)]
  0x00000151ffba89f0 JavaThread "Service Thread" daemon [_thread_blocked, id=24548, stack(0x0000004da1600000,0x0000004da1700000)]
  0x00000151ffbacfd0 JavaThread "Monitor Deflation Thread" daemon [_thread_blocked, id=7652, stack(0x0000004da1700000,0x0000004da1800000)]
  0x00000151ffbae8d0 JavaThread "C2 CompilerThread0" daemon [_thread_blocked, id=11536, stack(0x0000004da1800000,0x0000004da1900000)]
  0x00000151ffbaef80 JavaThread "C1 CompilerThread0" daemon [_thread_blocked, id=24008, stack(0x0000004da1900000,0x0000004da1a00000)]
  0x00000151ffbaf580 JavaThread "Sweeper thread" daemon [_thread_blocked, id=3564, stack(0x0000004da1a00000,0x0000004da1b00000)]
  0x00000151ffcdaad0 JavaThread "Common-Cleaner" daemon [_thread_blocked, id=9488, stack(0x0000004da1b00000,0x0000004da1c00000)]
=>0x00000151ffda4a60 JavaThread "JDWP Transport Listener: dt_socket" daemon [_thread_in_vm, id=4800, stack(0x0000004da2000000,0x0000004da2100000)]
  0x00000151ffdd4610 JavaThread "JDWP Event Helper Thread" daemon [_thread_blocked, id=16876, stack(0x0000004da2100000,0x0000004da2200000)]
  0x00000151ffdd5b10 JavaThread "JDWP Command Reader" daemon [_thread_in_native, id=3780, stack(0x0000004da2200000,0x0000004da2300000)]
  0x0000015182e74030 JavaThread "Notification Thread" daemon [_thread_blocked, id=14204, stack(0x0000004da2300000,0x0000004da2400000)]
  0x000001518460a600 JavaThread "OkHttp TaskRunner" daemon [_thread_blocked, id=12772, stack(0x0000004da3400000,0x0000004da3500000)]
  0x0000015184518670 JavaThread "Okio Watchdog" daemon [_thread_blocked, id=6348, stack(0x0000004da3500000,0x0000004da3600000)]
  0x0000015184aa0310 JavaThread "OkHttp TaskRunner" daemon [_thread_blocked, id=24700, stack(0x0000004da3600000,0x0000004da3700000)]
  0x00000151845dd4b0 JavaThread "mysql-cj-abandoned-connection-cleanup" daemon [_thread_blocked, id=16584, stack(0x0000004da3000000,0x0000004da3100000)]

Other Threads:
  0x00000151ffb8edd0 VMThread "VM Thread" [stack: 0x0000004da1100000,0x0000004da1200000] [id=8956]
  0x0000015182d0ce70 WatcherThread [stack: 0x0000004da2400000,0x0000004da2500000] [id=25484]
  0x00000151d4d78cb0 GCTaskThread "GC Thread#0" [stack: 0x0000004da0c00000,0x0000004da0d00000] [id=3728]
  0x00000151831c3e00 GCTaskThread "GC Thread#1" [stack: 0x0000004da2500000,0x0000004da2600000] [id=6672]
  0x0000015183267af0 GCTaskThread "GC Thread#2" [stack: 0x0000004da2600000,0x0000004da2700000] [id=24844]
  0x0000015183267da0 GCTaskThread "GC Thread#3" [stack: 0x0000004da2700000,0x0000004da2800000] [id=24272]
  0x0000015183268050 GCTaskThread "GC Thread#4" [stack: 0x0000004da2800000,0x0000004da2900000] [id=15684]
  0x0000015183268300 GCTaskThread "GC Thread#5" [stack: 0x0000004da2900000,0x0000004da2a00000] [id=2128]
  0x00000151832685b0 GCTaskThread "GC Thread#6" [stack: 0x0000004da2a00000,0x0000004da2b00000] [id=2080]
  0x0000015183268860 GCTaskThread "GC Thread#7" [stack: 0x0000004da2b00000,0x0000004da2c00000] [id=4640]
  0x0000015183268b10 GCTaskThread "GC Thread#8" [stack: 0x0000004da2c00000,0x0000004da2d00000] [id=9448]
  0x0000015183447a20 GCTaskThread "GC Thread#9" [stack: 0x0000004da2d00000,0x0000004da2e00000] [id=6028]
  0x0000015183447cd0 GCTaskThread "GC Thread#10" [stack: 0x0000004da2e00000,0x0000004da2f00000] [id=11136]
  0x0000015183249d70 GCTaskThread "GC Thread#11" [stack: 0x0000004da2f00000,0x0000004da3000000] [id=21920]
  0x00000151d2b8b990 ConcurrentGCThread "G1 Main Marker" [stack: 0x0000004da0d00000,0x0000004da0e00000] [id=9604]
  0x00000151d2b8e5d0 ConcurrentGCThread "G1 Conc#0" [stack: 0x0000004da0e00000,0x0000004da0f00000] [id=23560]
  0x00000151fefa6fe0 ConcurrentGCThread "G1 Refine#0" [stack: 0x0000004da0f00000,0x0000004da1000000] [id=22984]
  0x00000151fefa74b0 ConcurrentGCThread "G1 Service" [stack: 0x0000004da1000000,0x0000004da1100000] [id=23924]

Threads with active compile tasks:

VM state: not at safepoint (normal execution)

VM Mutex/Monitor currently owned by a thread: None

Heap address: 0x0000000609800000, size: 8040 MB, Compressed Oops mode: Zero based, Oop shift amount: 3

CDS archive(s) mapped at: [0x0000000800000000-0x0000000800bc0000-0x0000000800bc0000), size 12320768, SharedBaseAddress: 0x0000000800000000, ArchiveRelocationMode: 0.
Compressed class space mapped at: 0x0000000800c00000-0x0000000840c00000, reserved size: 1073741824
Narrow klass base: 0x0000000800000000, Narrow klass shift: 0, Narrow klass range: 0x100000000

GC Precious Log:
 CPUs: 16 total, 16 available
 Memory: 32156M
 Large Page Support: Disabled
 NUMA Support: Disabled
 Compressed Oops: Enabled (Zero based)
 Heap Region Size: 4M
 Heap Min Capacity: 8M
 Heap Initial Capacity: 504M
 Heap Max Capacity: 8040M
 Pre-touch: Disabled
 Parallel Workers: 13
 Concurrent Workers: 3
 Concurrent Refinement Workers: 13
 Periodic GC: Disabled

Heap:
 garbage-first heap   total 516096K, used 132564K [0x0000000609800000, 0x0000000800000000)
  region size 4096K, 34 young (139264K), 2 survivors (8192K)
 Metaspace       used 19702K, committed 19904K, reserved 1073152K
  class space    used 1862K, committed 1984K, reserved 1048576K

Heap Regions: E=young(eden), S=young(survivor), O=old, HS=humongous(starts), HC=humongous(continues), CS=collection set, F=free, OA=open archive, CA=closed archive, TAMS=top-at-mark-start (previous, next)
|   0|0x0000000609800000, 0x0000000609800000, 0x0000000609c00000|  0%| F|  |TAMS 0x0000000609800000, 0x0000000609800000| Untracked 
|   1|0x0000000609c00000, 0x0000000609c00000, 0x000000060a000000|  0%| F|  |TAMS 0x0000000609c00000, 0x0000000609c00000| Untracked 
|   2|0x000000060a000000, 0x000000060a000000, 0x000000060a400000|  0%| F|  |TAMS 0x000000060a000000, 0x000000060a000000| Untracked 
|   3|0x000000060a400000, 0x000000060a400000, 0x000000060a800000|  0%| F|  |TAMS 0x000000060a400000, 0x000000060a400000| Untracked 
|   4|0x000000060a800000, 0x000000060a800000, 0x000000060ac00000|  0%| F|  |TAMS 0x000000060a800000, 0x000000060a800000| Untracked 
|   5|0x000000060ac00000, 0x000000060ac00000, 0x000000060b000000|  0%| F|  |TAMS 0x000000060ac00000, 0x000000060ac00000| Untracked 
|   6|0x000000060b000000, 0x000000060b000000, 0x000000060b400000|  0%| F|  |TAMS 0x000000060b000000, 0x000000060b000000| Untracked 
|   7|0x000000060b400000, 0x000000060b400000, 0x000000060b800000|  0%| F|  |TAMS 0x000000060b400000, 0x000000060b400000| Untracked 
|   8|0x000000060b800000, 0x000000060b800000, 0x000000060bc00000|  0%| F|  |TAMS 0x000000060b800000, 0x000000060b800000| Untracked 
|   9|0x000000060bc00000, 0x000000060bc00000, 0x000000060c000000|  0%| F|  |TAMS 0x000000060bc00000, 0x000000060bc00000| Untracked 
|  10|0x000000060c000000, 0x000000060c000000, 0x000000060c400000|  0%| F|  |TAMS 0x000000060c000000, 0x000000060c000000| Untracked 
|  11|0x000000060c400000, 0x000000060c400000, 0x000000060c800000|  0%| F|  |TAMS 0x000000060c400000, 0x000000060c400000| Untracked 
|  12|0x000000060c800000, 0x000000060c800000, 0x000000060cc00000|  0%| F|  |TAMS 0x000000060c800000, 0x000000060c800000| Untracked 
|  13|0x000000060cc00000, 0x000000060cc00000, 0x000000060d000000|  0%| F|  |TAMS 0x000000060cc00000, 0x000000060cc00000| Untracked 
|  14|0x000000060d000000, 0x000000060d000000, 0x000000060d400000|  0%| F|  |TAMS 0x000000060d000000, 0x000000060d000000| Untracked 
|  15|0x000000060d400000, 0x000000060d400000, 0x000000060d800000|  0%| F|  |TAMS 0x000000060d400000, 0x000000060d400000| Untracked 
|  16|0x000000060d800000, 0x000000060d800000, 0x000000060dc00000|  0%| F|  |TAMS 0x000000060d800000, 0x000000060d800000| Untracked 
|  17|0x000000060dc00000, 0x000000060dc00000, 0x000000060e000000|  0%| F|  |TAMS 0x000000060dc00000, 0x000000060dc00000| Untracked 
|  18|0x000000060e000000, 0x000000060e000000, 0x000000060e400000|  0%| F|  |TAMS 0x000000060e000000, 0x000000060e000000| Untracked 
|  19|0x000000060e400000, 0x000000060e400000, 0x000000060e800000|  0%| F|  |TAMS 0x000000060e400000, 0x000000060e400000| Untracked 
|  20|0x000000060e800000, 0x000000060e800000, 0x000000060ec00000|  0%| F|  |TAMS 0x000000060e800000, 0x000000060e800000| Untracked 
|  21|0x000000060ec00000, 0x000000060ec00000, 0x000000060f000000|  0%| F|  |TAMS 0x000000060ec00000, 0x000000060ec00000| Untracked 
|  22|0x000000060f000000, 0x000000060f000000, 0x000000060f400000|  0%| F|  |TAMS 0x000000060f000000, 0x000000060f000000| Untracked 
|  23|0x000000060f400000, 0x000000060f400000, 0x000000060f800000|  0%| F|  |TAMS 0x000000060f400000, 0x000000060f400000| Untracked 
|  24|0x000000060f800000, 0x000000060f800000, 0x000000060fc00000|  0%| F|  |TAMS 0x000000060f800000, 0x000000060f800000| Untracked 
|  25|0x000000060fc00000, 0x000000060fc00000, 0x0000000610000000|  0%| F|  |TAMS 0x000000060fc00000, 0x000000060fc00000| Untracked 
|  26|0x0000000610000000, 0x0000000610000000, 0x0000000610400000|  0%| F|  |TAMS 0x0000000610000000, 0x0000000610000000| Untracked 
|  27|0x0000000610400000, 0x0000000610400000, 0x0000000610800000|  0%| F|  |TAMS 0x0000000610400000, 0x0000000610400000| Untracked 
|  28|0x0000000610800000, 0x0000000610800000, 0x0000000610c00000|  0%| F|  |TAMS 0x0000000610800000, 0x0000000610800000| Untracked 
|  29|0x0000000610c00000, 0x0000000610c00000, 0x0000000611000000|  0%| F|  |TAMS 0x0000000610c00000, 0x0000000610c00000| Untracked 
|  30|0x0000000611000000, 0x0000000611000000, 0x0000000611400000|  0%| F|  |TAMS 0x0000000611000000, 0x0000000611000000| Untracked 
|  31|0x0000000611400000, 0x0000000611400000, 0x0000000611800000|  0%| F|  |TAMS 0x0000000611400000, 0x0000000611400000| Untracked 
|  32|0x0000000611800000, 0x0000000611800000, 0x0000000611c00000|  0%| F|  |TAMS 0x0000000611800000, 0x0000000611800000| Untracked 
|  33|0x0000000611c00000, 0x0000000611c00000, 0x0000000612000000|  0%| F|  |TAMS 0x0000000611c00000, 0x0000000611c00000| Untracked 
|  34|0x0000000612000000, 0x0000000612000000, 0x0000000612400000|  0%| F|  |TAMS 0x0000000612000000, 0x0000000612000000| Untracked 
|  35|0x0000000612400000, 0x0000000612400000, 0x0000000612800000|  0%| F|  |TAMS 0x0000000612400000, 0x0000000612400000| Untracked 
|  36|0x0000000612800000, 0x0000000612800000, 0x0000000612c00000|  0%| F|  |TAMS 0x0000000612800000, 0x0000000612800000| Untracked 
|  37|0x0000000612c00000, 0x0000000612c00000, 0x0000000613000000|  0%| F|  |TAMS 0x0000000612c00000, 0x0000000612c00000| Untracked 
|  38|0x0000000613000000, 0x0000000613000000, 0x0000000613400000|  0%| F|  |TAMS 0x0000000613000000, 0x0000000613000000| Untracked 
|  39|0x0000000613400000, 0x0000000613400000, 0x0000000613800000|  0%| F|  |TAMS 0x0000000613400000, 0x0000000613400000| Untracked 
|  40|0x0000000613800000, 0x0000000613800000, 0x0000000613c00000|  0%| F|  |TAMS 0x0000000613800000, 0x0000000613800000| Untracked 
|  41|0x0000000613c00000, 0x0000000613c00000, 0x0000000614000000|  0%| F|  |TAMS 0x0000000613c00000, 0x0000000613c00000| Untracked 
|  42|0x0000000614000000, 0x0000000614000000, 0x0000000614400000|  0%| F|  |TAMS 0x0000000614000000, 0x0000000614000000| Untracked 
|  43|0x0000000614400000, 0x0000000614400000, 0x0000000614800000|  0%| F|  |TAMS 0x0000000614400000, 0x0000000614400000| Untracked 
|  44|0x0000000614800000, 0x0000000614800000, 0x0000000614c00000|  0%| F|  |TAMS 0x0000000614800000, 0x0000000614800000| Untracked 
|  45|0x0000000614c00000, 0x0000000614c00000, 0x0000000615000000|  0%| F|  |TAMS 0x0000000614c00000, 0x0000000614c00000| Untracked 
|  46|0x0000000615000000, 0x0000000615000000, 0x0000000615400000|  0%| F|  |TAMS 0x0000000615000000, 0x0000000615000000| Untracked 
|  47|0x0000000615400000, 0x0000000615400000, 0x0000000615800000|  0%| F|  |TAMS 0x0000000615400000, 0x0000000615400000| Untracked 
|  48|0x0000000615800000, 0x0000000615800000, 0x0000000615c00000|  0%| F|  |TAMS 0x0000000615800000, 0x0000000615800000| Untracked 
|  49|0x0000000615c00000, 0x0000000615c00000, 0x0000000616000000|  0%| F|  |TAMS 0x0000000615c00000, 0x0000000615c00000| Untracked 
|  50|0x0000000616000000, 0x0000000616000000, 0x0000000616400000|  0%| F|  |TAMS 0x0000000616000000, 0x0000000616000000| Untracked 
|  51|0x0000000616400000, 0x0000000616400000, 0x0000000616800000|  0%| F|  |TAMS 0x0000000616400000, 0x0000000616400000| Untracked 
|  52|0x0000000616800000, 0x0000000616800000, 0x0000000616c00000|  0%| F|  |TAMS 0x0000000616800000, 0x0000000616800000| Untracked 
|  53|0x0000000616c00000, 0x0000000616c00000, 0x0000000617000000|  0%| F|  |TAMS 0x0000000616c00000, 0x0000000616c00000| Untracked 
|  54|0x0000000617000000, 0x0000000617000000, 0x0000000617400000|  0%| F|  |TAMS 0x0000000617000000, 0x0000000617000000| Untracked 
|  55|0x0000000617400000, 0x0000000617400000, 0x0000000617800000|  0%| F|  |TAMS 0x0000000617400000, 0x0000000617400000| Untracked 
|  56|0x0000000617800000, 0x0000000617800000, 0x0000000617c00000|  0%| F|  |TAMS 0x0000000617800000, 0x0000000617800000| Untracked 
|  57|0x0000000617c00000, 0x0000000617c00000, 0x0000000618000000|  0%| F|  |TAMS 0x0000000617c00000, 0x0000000617c00000| Untracked 
|  58|0x0000000618000000, 0x0000000618000000, 0x0000000618400000|  0%| F|  |TAMS 0x0000000618000000, 0x0000000618000000| Untracked 
|  59|0x0000000618400000, 0x0000000618400000, 0x0000000618800000|  0%| F|  |TAMS 0x0000000618400000, 0x0000000618400000| Untracked 
|  60|0x0000000618800000, 0x0000000618800000, 0x0000000618c00000|  0%| F|  |TAMS 0x0000000618800000, 0x0000000618800000| Untracked 
|  61|0x0000000618c00000, 0x0000000618c00000, 0x0000000619000000|  0%| F|  |TAMS 0x0000000618c00000, 0x0000000618c00000| Untracked 
|  62|0x0000000619000000, 0x0000000619000000, 0x0000000619400000|  0%| F|  |TAMS 0x0000000619000000, 0x0000000619000000| Untracked 
|  63|0x0000000619400000, 0x0000000619400000, 0x0000000619800000|  0%| F|  |TAMS 0x0000000619400000, 0x0000000619400000| Untracked 
|  64|0x0000000619800000, 0x0000000619800000, 0x0000000619c00000|  0%| F|  |TAMS 0x0000000619800000, 0x0000000619800000| Untracked 
|  65|0x0000000619c00000, 0x0000000619c00000, 0x000000061a000000|  0%| F|  |TAMS 0x0000000619c00000, 0x0000000619c00000| Untracked 
|  66|0x000000061a000000, 0x000000061a000000, 0x000000061a400000|  0%| F|  |TAMS 0x000000061a000000, 0x000000061a000000| Untracked 
|  67|0x000000061a400000, 0x000000061a400000, 0x000000061a800000|  0%| F|  |TAMS 0x000000061a400000, 0x000000061a400000| Untracked 
|  68|0x000000061a800000, 0x000000061a800000, 0x000000061ac00000|  0%| F|  |TAMS 0x000000061a800000, 0x000000061a800000| Untracked 
|  69|0x000000061ac00000, 0x000000061ac00000, 0x000000061b000000|  0%| F|  |TAMS 0x000000061ac00000, 0x000000061ac00000| Untracked 
|  70|0x000000061b000000, 0x000000061b000000, 0x000000061b400000|  0%| F|  |TAMS 0x000000061b000000, 0x000000061b000000| Untracked 
|  71|0x000000061b400000, 0x000000061b400000, 0x000000061b800000|  0%| F|  |TAMS 0x000000061b400000, 0x000000061b400000| Untracked 
|  72|0x000000061b800000, 0x000000061b800000, 0x000000061bc00000|  0%| F|  |TAMS 0x000000061b800000, 0x000000061b800000| Untracked 
|  73|0x000000061bc00000, 0x000000061bc00000, 0x000000061c000000|  0%| F|  |TAMS 0x000000061bc00000, 0x000000061bc00000| Untracked 
|  74|0x000000061c000000, 0x000000061c000000, 0x000000061c400000|  0%| F|  |TAMS 0x000000061c000000, 0x000000061c000000| Untracked 
|  75|0x000000061c400000, 0x000000061c400000, 0x000000061c800000|  0%| F|  |TAMS 0x000000061c400000, 0x000000061c400000| Untracked 
|  76|0x000000061c800000, 0x000000061c800000, 0x000000061cc00000|  0%| F|  |TAMS 0x000000061c800000, 0x000000061c800000| Untracked 
|  77|0x000000061cc00000, 0x000000061cc00000, 0x000000061d000000|  0%| F|  |TAMS 0x000000061cc00000, 0x000000061cc00000| Untracked 
|  78|0x000000061d000000, 0x000000061d000000, 0x000000061d400000|  0%| F|  |TAMS 0x000000061d000000, 0x000000061d000000| Untracked 
|  79|0x000000061d400000, 0x000000061d400000, 0x000000061d800000|  0%| F|  |TAMS 0x000000061d400000, 0x000000061d400000| Untracked 
|  80|0x000000061d800000, 0x000000061d800000, 0x000000061dc00000|  0%| F|  |TAMS 0x000000061d800000, 0x000000061d800000| Untracked 
|  81|0x000000061dc00000, 0x000000061dc00000, 0x000000061e000000|  0%| F|  |TAMS 0x000000061dc00000, 0x000000061dc00000| Untracked 
|  82|0x000000061e000000, 0x000000061e000000, 0x000000061e400000|  0%| F|  |TAMS 0x000000061e000000, 0x000000061e000000| Untracked 
|  83|0x000000061e400000, 0x000000061e400000, 0x000000061e800000|  0%| F|  |TAMS 0x000000061e400000, 0x000000061e400000| Untracked 
|  84|0x000000061e800000, 0x000000061e800000, 0x000000061ec00000|  0%| F|  |TAMS 0x000000061e800000, 0x000000061e800000| Untracked 
|  85|0x000000061ec00000, 0x000000061ec00000, 0x000000061f000000|  0%| F|  |TAMS 0x000000061ec00000, 0x000000061ec00000| Untracked 
|  86|0x000000061f000000, 0x000000061f000000, 0x000000061f400000|  0%| F|  |TAMS 0x000000061f000000, 0x000000061f000000| Untracked 
|  87|0x000000061f400000, 0x000000061f400000, 0x000000061f800000|  0%| F|  |TAMS 0x000000061f400000, 0x000000061f400000| Untracked 
|  88|0x000000061f800000, 0x000000061f800000, 0x000000061fc00000|  0%| F|  |TAMS 0x000000061f800000, 0x000000061f800000| Untracked 
|  89|0x000000061fc00000, 0x000000061fc00000, 0x0000000620000000|  0%| F|  |TAMS 0x000000061fc00000, 0x000000061fc00000| Untracked 
|  90|0x0000000620000000, 0x0000000620000000, 0x0000000620400000|  0%| F|  |TAMS 0x0000000620000000, 0x0000000620000000| Untracked 
|  91|0x0000000620400000, 0x0000000620400000, 0x0000000620800000|  0%| F|  |TAMS 0x0000000620400000, 0x0000000620400000| Untracked 
|  92|0x0000000620800000, 0x0000000620a00800, 0x0000000620c00000| 50%| E|  |TAMS 0x0000000620800000, 0x0000000620800000| Complete 
|  93|0x0000000620c00000, 0x0000000621000000, 0x0000000621000000|100%| E|CS|TAMS 0x0000000620c00000, 0x0000000620c00000| Complete 
|  94|0x0000000621000000, 0x0000000621400000, 0x0000000621400000|100%| E|CS|TAMS 0x0000000621000000, 0x0000000621000000| Complete 
|  95|0x0000000621400000, 0x0000000621800000, 0x0000000621800000|100%| E|CS|TAMS 0x0000000621400000, 0x0000000621400000| Complete 
|  96|0x0000000621800000, 0x0000000621c00000, 0x0000000621c00000|100%| E|CS|TAMS 0x0000000621800000, 0x0000000621800000| Complete 
|  97|0x0000000621c00000, 0x0000000622000000, 0x0000000622000000|100%| E|CS|TAMS 0x0000000621c00000, 0x0000000621c00000| Complete 
|  98|0x0000000622000000, 0x0000000622400000, 0x0000000622400000|100%| E|CS|TAMS 0x0000000622000000, 0x0000000622000000| Complete 
|  99|0x0000000622400000, 0x0000000622800000, 0x0000000622800000|100%| E|CS|TAMS 0x0000000622400000, 0x0000000622400000| Complete 
| 100|0x0000000622800000, 0x0000000622c00000, 0x0000000622c00000|100%| E|CS|TAMS 0x0000000622800000, 0x0000000622800000| Complete 
| 101|0x0000000622c00000, 0x0000000623000000, 0x0000000623000000|100%| E|CS|TAMS 0x0000000622c00000, 0x0000000622c00000| Complete 
| 102|0x0000000623000000, 0x0000000623400000, 0x0000000623400000|100%| E|CS|TAMS 0x0000000623000000, 0x0000000623000000| Complete 
| 103|0x0000000623400000, 0x0000000623800000, 0x0000000623800000|100%| E|CS|TAMS 0x0000000623400000, 0x0000000623400000| Complete 
| 104|0x0000000623800000, 0x0000000623c00000, 0x0000000623c00000|100%| E|CS|TAMS 0x0000000623800000, 0x0000000623800000| Complete 
| 105|0x0000000623c00000, 0x0000000624000000, 0x0000000624000000|100%| E|CS|TAMS 0x0000000623c00000, 0x0000000623c00000| Complete 
| 106|0x0000000624000000, 0x0000000624400000, 0x0000000624400000|100%| E|CS|TAMS 0x0000000624000000, 0x0000000624000000| Complete 
| 107|0x0000000624400000, 0x0000000624800000, 0x0000000624800000|100%| E|CS|TAMS 0x0000000624400000, 0x0000000624400000| Complete 
| 108|0x0000000624800000, 0x0000000624c00000, 0x0000000624c00000|100%| E|CS|TAMS 0x0000000624800000, 0x0000000624800000| Complete 
| 109|0x0000000624c00000, 0x0000000625000000, 0x0000000625000000|100%| E|CS|TAMS 0x0000000624c00000, 0x0000000624c00000| Complete 
| 110|0x0000000625000000, 0x0000000625400000, 0x0000000625400000|100%| E|CS|TAMS 0x0000000625000000, 0x0000000625000000| Complete 
| 111|0x0000000625400000, 0x0000000625800000, 0x0000000625800000|100%| E|CS|TAMS 0x0000000625400000, 0x0000000625400000| Complete 
| 112|0x0000000625800000, 0x0000000625c00000, 0x0000000625c00000|100%| E|CS|TAMS 0x0000000625800000, 0x0000000625800000| Complete 
| 113|0x0000000625c00000, 0x0000000626000000, 0x0000000626000000|100%| E|CS|TAMS 0x0000000625c00000, 0x0000000625c00000| Complete 
| 114|0x0000000626000000, 0x0000000626175270, 0x0000000626400000| 36%| S|CS|TAMS 0x0000000626000000, 0x0000000626000000| Complete 
| 115|0x0000000626400000, 0x0000000626800000, 0x0000000626800000|100%| S|CS|TAMS 0x0000000626400000, 0x0000000626400000| Complete 
| 116|0x0000000626800000, 0x0000000626c00000, 0x0000000626c00000|100%| E|CS|TAMS 0x0000000626800000, 0x0000000626800000| Complete 
| 117|0x0000000626c00000, 0x0000000627000000, 0x0000000627000000|100%| E|CS|TAMS 0x0000000626c00000, 0x0000000626c00000| Complete 
| 118|0x0000000627000000, 0x0000000627400000, 0x0000000627400000|100%| E|CS|TAMS 0x0000000627000000, 0x0000000627000000| Complete 
| 119|0x0000000627400000, 0x0000000627800000, 0x0000000627800000|100%| E|CS|TAMS 0x0000000627400000, 0x0000000627400000| Complete 
| 120|0x0000000627800000, 0x0000000627c00000, 0x0000000627c00000|100%| E|CS|TAMS 0x0000000627800000, 0x0000000627800000| Complete 
| 121|0x0000000627c00000, 0x0000000628000000, 0x0000000628000000|100%| E|CS|TAMS 0x0000000627c00000, 0x0000000627c00000| Complete 
| 122|0x0000000628000000, 0x0000000628400000, 0x0000000628400000|100%| E|CS|TAMS 0x0000000628000000, 0x0000000628000000| Complete 
| 123|0x0000000628400000, 0x0000000628800000, 0x0000000628800000|100%| E|CS|TAMS 0x0000000628400000, 0x0000000628400000| Complete 
| 124|0x0000000628800000, 0x0000000628c00000, 0x0000000628c00000|100%| E|CS|TAMS 0x0000000628800000, 0x0000000628800000| Complete 
| 125|0x0000000628c00000, 0x0000000629000000, 0x0000000629000000|100%| E|CS|TAMS 0x0000000628c00000, 0x0000000628c00000| Complete 

Card table byte_map: [0x00000151ed020000,0x00000151edfe0000] _byte_map_base: 0x00000151e9fd4000

Marking Bits (Prev, Next): (CMBitMap*) 0x00000151d2b8b2d0, (CMBitMap*) 0x00000151d2b8b310
 Prev Bits: [0x00000151eefa0000, 0x00000151f6d40000)
 Next Bits: [0x00000151f6d40000, 0x00000151feae0000)

Polling page: 0x00000151d2c50000

Metaspace:

Usage:
  Non-class:     17.42 MB used.
      Class:      1.82 MB used.
       Both:     19.24 MB used.

Virtual space:
  Non-class space:       24.00 MB reserved,      17.50 MB ( 73%) committed,  3 nodes.
      Class space:        1.00 GB reserved,       1.94 MB ( <1%) committed,  1 nodes.
             Both:        1.02 GB reserved,      19.44 MB (  2%) committed. 

Chunk freelists:
   Non-Class:  2.07 MB
       Class:  1.95 MB
        Both:  4.02 MB

MaxMetaspaceSize: unlimited
CompressedClassSpaceSize: 1.00 GB
Initial GC threshold: 21.00 MB
Current GC threshold: 21.00 MB
CDS: on
MetaspaceReclaimPolicy: balanced
 - commit_granule_bytes: 65536.
 - commit_granule_words: 8192.
 - virtual_space_node_default_size: 1048576.
 - enlarge_chunks_in_place: 1.
 - new_chunks_are_fully_committed: 0.
 - uncommit_free_chunks: 1.
 - use_allocation_guard: 0.
 - handle_deallocations: 1.


Internal statistics:

num_allocs_failed_limit: 0.
num_arena_births: 186.
num_arena_deaths: 0.
num_vsnodes_births: 4.
num_vsnodes_deaths: 0.
num_space_committed: 311.
num_space_uncommitted: 0.
num_chunks_returned_to_freelist: 0.
num_chunks_taken_from_freelist: 676.
num_chunk_merges: 0.
num_chunk_splits: 444.
num_chunks_enlarged: 311.
num_purges: 0.
num_inconsistent_stats: 0.

CodeHeap 'non-profiled nmethods': size=119168Kb used=2541Kb max_used=2541Kb free=116626Kb
 bounds [0x00000151e4370000, 0x00000151e45f0000, 0x00000151eb7d0000]
CodeHeap 'profiled nmethods': size=119104Kb used=11024Kb max_used=11024Kb free=108079Kb
 bounds [0x00000151dcf20000, 0x00000151dd9f0000, 0x00000151e4370000]
CodeHeap 'non-nmethods': size=7488Kb used=1332Kb max_used=3114Kb free=6155Kb
 bounds [0x00000151dc7d0000, 0x00000151dcaf0000, 0x00000151dcf20000]
 total_blobs=5145 nmethods=4574 adapters=483
 compilation: enabled
              stopped_count=0, restarted_count=0
 full_count=0

Compilation events (20 events):
Event: 3.998 Thread 0x00000151ffbae8d0 4571       4       sun.security.provider.HashDrbg::addBytes (130 bytes)
Event: 4.002 Thread 0x0000015183ee9930 4572       3       okhttp3.internal.connection.ExchangeFinder::sameHostAndPort (46 bytes)
Event: 4.002 Thread 0x0000015183ee9930 nmethod 4572 0x00000151dd9e2090 code [0x00000151dd9e22c0, 0x00000151dd9e2a28]
Event: 4.003 Thread 0x00000151ffbae8d0 nmethod 4571 0x00000151e45e3b90 code [0x00000151e45e3d20, 0x00000151e45e4278]
Event: 4.007 Thread 0x0000015183a3bc40 4573       4       jdk.internal.reflect.UnsafeObjectFieldAccessorImpl::set (56 bytes)
Event: 4.008 Thread 0x00000151847365d0 4574       3       java.util.TreeMap$PrivateEntryIterator::nextEntry (54 bytes)
Event: 4.008 Thread 0x00000151ffbaef80 4575       3       java.util.TreeMap::successor (66 bytes)
Event: 4.008 Thread 0x00000151ffbaef80 nmethod 4575 0x00000151dd9e2d10 code [0x00000151dd9e2ee0, 0x00000151dd9e3278]
Event: 4.008 Thread 0x00000151847365d0 nmethod 4574 0x00000151dd9e3410 code [0x00000151dd9e3600, 0x00000151dd9e3a68]
Event: 4.009 Thread 0x0000015183a3bc40 nmethod 4573 0x00000151e45e4510 code [0x00000151e45e46a0, 0x00000151e45e4ab8]
Event: 4.011 Thread 0x00000151ffbaef80 4576       3       java.util.ImmutableCollections$AbstractImmutableMap::<init> (5 bytes)
Event: 4.011 Thread 0x00000151ffbaef80 nmethod 4576 0x00000151dd9e3c10 code [0x00000151dd9e3dc0, 0x00000151dd9e3f78]
Event: 4.014 Thread 0x00000151ffd38a10 4577       4       java.lang.String::split (327 bytes)
Event: 4.014 Thread 0x0000015183a3bc40 4578       4       java.lang.System::checkKey (34 bytes)
Event: 4.015 Thread 0x0000015183a3bc40 nmethod 4578 0x00000151e45e4d10 code [0x00000151e45e4e80, 0x00000151e45e4f38]
Event: 4.018 Thread 0x0000015183a3bc40 4579       4       sun.security.provider.HashDrbg::addBytes (130 bytes)
Event: 4.020 Thread 0x00000151ffbae8d0 4580       4       com.google.gson.internal.bind.TypeAdapters$32::create (28 bytes)
Event: 4.022 Thread 0x00000151ffbae8d0 nmethod 4580 0x00000151e45e5010 code [0x00000151e45e51a0, 0x00000151e45e5398]
Event: 4.024 Thread 0x0000015183a3bc40 nmethod 4579 0x00000151e45e5510 code [0x00000151e45e56a0, 0x00000151e45e5bd8]
Event: 4.063 Thread 0x00000151ffd38a10 nmethod 4577 0x00000151e45e5e10 code [0x00000151e45e6120, 0x00000151e45e98f0]

GC Heap History (4 events):
Event: 0.388 GC heap before
{Heap before GC invocations=0 (full 0):
 garbage-first heap   total 516096K, used 24576K [0x0000000609800000, 0x0000000800000000)
  region size 4096K, 6 young (24576K), 0 survivors (0K)
 Metaspace       used 4776K, committed 4864K, reserved 1056768K
  class space    used 332K, committed 384K, reserved 1048576K
}
Event: 0.390 GC heap after
{Heap after GC invocations=1 (full 0):
 garbage-first heap   total 516096K, used 2784K [0x0000000609800000, 0x0000000800000000)
  region size 4096K, 1 young (4096K), 1 survivors (4096K)
 Metaspace       used 4776K, committed 4864K, reserved 1056768K
  class space    used 332K, committed 384K, reserved 1048576K
}
Event: 1.491 GC heap before
{Heap before GC invocations=1 (full 0):
 garbage-first heap   total 516096K, used 39648K [0x0000000609800000, 0x0000000800000000)
  region size 4096K, 10 young (40960K), 1 survivors (4096K)
 Metaspace       used 9914K, committed 10112K, reserved 1064960K
  class space    used 853K, committed 960K, reserved 1048576K
}
Event: 1.494 GC heap after
{Heap after GC invocations=2 (full 0):
 garbage-first heap   total 516096K, used 5588K [0x0000000609800000, 0x0000000800000000)
  region size 4096K, 2 young (8192K), 2 survivors (8192K)
 Metaspace       used 9914K, committed 10112K, reserved 1064960K
  class space    used 853K, committed 960K, reserved 1048576K
}

Deoptimization events (20 events):
Event: 4.014 Thread 0x00000151d4d017e0 DEOPT PACKING pc=0x00000151dd6aed54 sp=0x0000004da0bfef20
Event: 4.014 Thread 0x00000151d4d017e0 DEOPT UNPACKING pc=0x00000151dc822b43 sp=0x0000004da0bfe478 mode 1
Event: 4.014 Thread 0x00000151d4d017e0 DEOPT PACKING pc=0x00000151dd93bdac sp=0x0000004da0bff030
Event: 4.014 Thread 0x00000151d4d017e0 DEOPT UNPACKING pc=0x00000151dc822b43 sp=0x0000004da0bfe5d0 mode 1
Event: 4.017 Thread 0x00000151d4d017e0 DEOPT PACKING pc=0x00000151dd7ae8a4 sp=0x0000004da0bfe8b0
Event: 4.017 Thread 0x00000151d4d017e0 DEOPT UNPACKING pc=0x00000151dc822b43 sp=0x0000004da0bfdda8 mode 1
Event: 4.017 Thread 0x00000151d4d017e0 DEOPT PACKING pc=0x00000151dd7ae8a4 sp=0x0000004da0bfe8b0
Event: 4.017 Thread 0x00000151d4d017e0 DEOPT UNPACKING pc=0x00000151dc822b43 sp=0x0000004da0bfdda8 mode 1
Event: 4.017 Thread 0x00000151d4d017e0 DEOPT PACKING pc=0x00000151dd6aed54 sp=0x0000004da0bfef20
Event: 4.017 Thread 0x00000151d4d017e0 DEOPT UNPACKING pc=0x00000151dc822b43 sp=0x0000004da0bfe478 mode 1
Event: 4.017 Thread 0x00000151d4d017e0 DEOPT PACKING pc=0x00000151dd93bdac sp=0x0000004da0bff030
Event: 4.017 Thread 0x00000151d4d017e0 DEOPT UNPACKING pc=0x00000151dc822b43 sp=0x0000004da0bfe5d0 mode 1
Event: 4.021 Thread 0x00000151d4d017e0 DEOPT PACKING pc=0x00000151dd7ae8a4 sp=0x0000004da0bfe8b0
Event: 4.021 Thread 0x00000151d4d017e0 DEOPT UNPACKING pc=0x00000151dc822b43 sp=0x0000004da0bfdda8 mode 1
Event: 4.021 Thread 0x00000151d4d017e0 DEOPT PACKING pc=0x00000151dd7ae8a4 sp=0x0000004da0bfe8b0
Event: 4.021 Thread 0x00000151d4d017e0 DEOPT UNPACKING pc=0x00000151dc822b43 sp=0x0000004da0bfdda8 mode 1
Event: 4.021 Thread 0x00000151d4d017e0 DEOPT PACKING pc=0x00000151dd6aed54 sp=0x0000004da0bfef20
Event: 4.021 Thread 0x00000151d4d017e0 DEOPT UNPACKING pc=0x00000151dc822b43 sp=0x0000004da0bfe478 mode 1
Event: 4.021 Thread 0x00000151d4d017e0 DEOPT PACKING pc=0x00000151dd93bdac sp=0x0000004da0bff030
Event: 4.021 Thread 0x00000151d4d017e0 DEOPT UNPACKING pc=0x00000151dc822b43 sp=0x0000004da0bfe5d0 mode 1

Classes unloaded (0 events):
No events

Classes redefined (1 events):
Event: 36.265 Thread 0x00000151ffb8edd0 redefined class name=com.norpactech.pf.rdbms.repository.CardinalityRepository, count=1

Internal exceptions (20 events):
Event: 0.615 Thread 0x00000151d4d017e0 Exception <a 'java/lang/NoSuchMethodError'{0x0000000628348a00}: 'java.lang.Object java.lang.invoke.DirectMethodHandle$Holder.invokeStaticInit(java.lang.Object, java.lang.Object, int, int, int, int)'> (0x0000000628348a00) 
thrown [c:\wsjdk\corretto17src\installers\windows\zip\corretto-build\buildroot\src\hotspot\share\interpreter\linkResolver.cpp, line 766]
Event: 0.704 Thread 0x00000151d4d017e0 Exception <a 'java/lang/NoSuchMethodError'{0x000000062792c128}: 'java.lang.Object java.lang.invoke.DirectMethodHandle$Holder.invokeStaticInit(java.lang.Object)'> (0x000000062792c128) 
thrown [c:\wsjdk\corretto17src\installers\windows\zip\corretto-build\buildroot\src\hotspot\share\interpreter\linkResolver.cpp, line 766]
Event: 1.540 Thread 0x00000151d4d017e0 Exception <a 'java/lang/NoSuchMethodError'{0x0000000628dc29c8}: 'int java.lang.invoke.DirectMethodHandle$Holder.invokeSpecial(java.lang.Object, java.lang.Object, java.lang.Object)'> (0x0000000628dc29c8) 
thrown [c:\wsjdk\corretto17src\installers\windows\zip\corretto-build\buildroot\src\hotspot\share\interpreter\linkResolver.cpp, line 766]
Event: 1.540 Thread 0x00000151d4d017e0 Exception <a 'java/lang/NoSuchMethodError'{0x0000000628dc6490}: 'java.lang.Object java.lang.invoke.Invokers$Holder.invokeExact_MT(java.lang.Object, java.lang.Object, java.lang.Object, java.lang.Object, java.lang.Object, java.lang.Object)'> (0x0000000628dc6490) 
thrown [c:\wsjdk\corretto17src\installers\windows\zip\corretto-build\buildroot\src\hotspot\share\interpreter\linkResolver.cpp, line 766]
Event: 1.604 Thread 0x00000151d4d017e0 Exception <a 'java/lang/NoSuchMethodError'{0x0000000628041e68}: 'void java.lang.invoke.DirectMethodHandle$Holder.invokeSpecial(java.lang.Object, java.lang.Object, java.lang.Object)'> (0x0000000628041e68) 
thrown [c:\wsjdk\corretto17src\installers\windows\zip\corretto-build\buildroot\src\hotspot\share\interpreter\linkResolver.cpp, line 766]
Event: 1.605 Thread 0x00000151d4d017e0 Exception <a 'java/lang/NoSuchMethodError'{0x0000000628049380}: 'void java.lang.invoke.DirectMethodHandle$Holder.invokeStatic(java.lang.Object, java.lang.Object, java.lang.Object)'> (0x0000000628049380) 
thrown [c:\wsjdk\corretto17src\installers\windows\zip\corretto-build\buildroot\src\hotspot\share\interpreter\linkResolver.cpp, line 766]
Event: 1.606 Thread 0x00000151d4d017e0 Exception <a 'java/lang/NoSuchMethodError'{0x0000000628053418}: 'java.lang.Object java.lang.invoke.DirectMethodHandle$Holder.invokeVirtual(java.lang.Object, java.lang.Object, java.lang.Object)'> (0x0000000628053418) 
thrown [c:\wsjdk\corretto17src\installers\windows\zip\corretto-build\buildroot\src\hotspot\share\interpreter\linkResolver.cpp, line 766]
Event: 1.653 Thread 0x00000151d4d017e0 Implicit null exception at 0x00000151e43b476e to 0x00000151e43b4874
Event: 2.011 Thread 0x00000151d4d017e0 Exception <a 'java/lang/NoSuchMethodError'{0x0000000625b26c90}: 'java.lang.Object java.lang.invoke.DirectMethodHandle$Holder.invokeStaticInit(java.lang.Object, java.lang.Object, java.lang.Object, java.lang.Object)'> (0x0000000625b26c90) 
thrown [c:\wsjdk\corretto17src\installers\windows\zip\corretto-build\buildroot\src\hotspot\share\interpreter\linkResolver.cpp, line 766]
Event: 2.052 Thread 0x00000151d4d017e0 Exception <a 'java/lang/NoSuchMethodError'{0x00000006255b65a8}: 'void java.lang.invoke.DirectMethodHandle$Holder.invokeSpecialIFC(java.lang.Object, java.lang.Object, java.lang.Object, java.lang.Object)'> (0x00000006255b65a8) 
thrown [c:\wsjdk\corretto17src\installers\windows\zip\corretto-build\buildroot\src\hotspot\share\interpreter\linkResolver.cpp, line 766]
Event: 2.055 Thread 0x00000151d4d017e0 Exception <a 'java/lang/NoSuchMethodError'{0x00000006255f5af0}: 'int java.lang.invoke.DirectMethodHandle$Holder.invokeInterface(java.lang.Object, java.lang.Object)'> (0x00000006255f5af0) 
thrown [c:\wsjdk\corretto17src\installers\windows\zip\corretto-build\buildroot\src\hotspot\share\interpreter\linkResolver.cpp, line 766]
Event: 2.059 Thread 0x00000151d4d017e0 Exception <a 'java/lang/NoSuchMethodError'{0x000000062561e500}: 'int java.lang.invoke.DirectMethodHandle$Holder.invokeStatic(java.lang.Object, java.lang.Object, java.lang.Object, java.lang.Object, java.lang.Object)'> (0x000000062561e500) 
thrown [c:\wsjdk\corretto17src\installers\windows\zip\corretto-build\buildroot\src\hotspot\share\interpreter\linkResolver.cpp, line 766]
Event: 2.092 Thread 0x00000151d4d017e0 Implicit null exception at 0x00000151e443fd5e to 0x00000151e4440c10
Event: 2.092 Thread 0x00000151d4d017e0 Implicit null exception at 0x00000151e445848f to 0x00000151e445850d
Event: 2.210 Thread 0x00000151d4d017e0 Exception <a 'java/lang/NoSuchMethodError'{0x00000006240ec440}: 'void java.lang.invoke.DirectMethodHandle$Holder.invokeStatic(java.lang.Object, java.lang.Object, java.lang.Object, java.lang.Object)'> (0x00000006240ec440) 
thrown [c:\wsjdk\corretto17src\installers\windows\zip\corretto-build\buildroot\src\hotspot\share\interpreter\linkResolver.cpp, line 766]
Event: 2.249 Thread 0x0000015185332b60 Exception <a 'java/lang/NoSuchMethodError'{0x00000006243d12c0}: 'java.lang.Object java.lang.invoke.DirectMethodHandle$Holder.newInvokeSpecial(java.lang.Object, java.lang.Object, java.lang.Object, java.lang.Object, java.lang.Object, java.lang.Object)'> (0x00000006243d12c0) 
thrown [c:\wsjdk\corretto17src\installers\windows\zip\corretto-build\buildroot\src\hotspot\share\interpreter\linkResolver.cpp, line 766]
Event: 2.527 Thread 0x00000151853309b0 Exception <a 'java/lang/NoSuchMethodError'{0x0000000624840be8}: 'int java.lang.invoke.DirectMethodHandle$Holder.invokeSpecialIFC(java.lang.Object, java.lang.Object, java.lang.Object, java.lang.Object)'> (0x0000000624840be8) 
thrown [c:\wsjdk\corretto17src\installers\windows\zip\corretto-build\buildroot\src\hotspot\share\interpreter\linkResolver.cpp, line 766]
Event: 2.533 Thread 0x00000151853309b0 Exception <a 'java/lang/NoSuchMethodError'{0x0000000624891370}: 'int java.lang.invoke.DirectMethodHandle$Holder.invokeSpecial(java.lang.Object, java.lang.Object, java.lang.Object, java.lang.Object)'> (0x0000000624891370) 
thrown [c:\wsjdk\corretto17src\installers\windows\zip\corretto-build\buildroot\src\hotspot\share\interpreter\linkResolver.cpp, line 766]
Event: 2.536 Thread 0x00000151853321c0 Implicit null exception at 0x00000151e44fccc7 to 0x00000151e44fdaac
Event: 2.564 Thread 0x00000151d4d017e0 Implicit null exception at 0x00000151e44db467 to 0x00000151e44dbb8c

VM Operations (20 events):
Event: 2.963 Executing VM operation: ICBufferFull
Event: 2.963 Executing VM operation: ICBufferFull done
Event: 2.980 Executing VM operation: ICBufferFull
Event: 2.980 Executing VM operation: ICBufferFull done
Event: 2.997 Executing VM operation: ICBufferFull
Event: 2.997 Executing VM operation: ICBufferFull done
Event: 4.329 Executing VM operation: get/set locals
Event: 4.329 Executing VM operation: get/set locals done
Event: 36.254 Executing VM operation: ChangeSingleStep
Event: 36.255 Executing VM operation: ChangeSingleStep done
Event: 36.255 Executing VM operation: ChangeSingleStep
Event: 36.255 Executing VM operation: ChangeSingleStep done
Event: 36.259 Executing VM operation: RedefineClasses
Event: 36.273 Executing VM operation: RedefineClasses done
Event: 36.279 Executing VM operation: ChangeBreakpoints
Event: 36.280 Executing VM operation: ChangeBreakpoints done
Event: 36.282 Executing VM operation: ChangeSingleStep
Event: 36.282 Executing VM operation: ChangeSingleStep done
Event: 36.283 Executing VM operation: ChangeSingleStep
Event: 36.283 Executing VM operation: ChangeSingleStep done

Events (20 events):
Event: 2.588 loading class sun/reflect/generics/tree/TypeVariableSignature
Event: 2.588 loading class sun/reflect/generics/tree/TypeVariableSignature done
Event: 2.588 loading class sun/reflect/generics/reflectiveObjects/TypeVariableImpl
Event: 2.588 loading class sun/reflect/generics/reflectiveObjects/LazyReflectiveObjectGenerator
Event: 2.588 loading class sun/reflect/generics/reflectiveObjects/LazyReflectiveObjectGenerator done
Event: 2.588 loading class sun/reflect/generics/reflectiveObjects/TypeVariableImpl done
Event: 2.588 loading class sun/reflect/generics/reflectiveObjects/ParameterizedTypeImpl
Event: 2.588 loading class sun/reflect/generics/reflectiveObjects/ParameterizedTypeImpl done
Event: 2.588 loading class sun/reflect/misc/ReflectUtil
Event: 2.588 loading class sun/reflect/misc/ReflectUtil done
Event: 2.788 Thread 0x0000015186843260 Thread exited: 0x0000015186843260
Event: 2.992 Thread 0x0000015187db2be0 Thread exited: 0x0000015187db2be0
Event: 3.484 Thread 0x0000015183812e80 Thread exited: 0x0000015183812e80
Event: 3.623 Thread 0x00000151851c71d0 Thread exited: 0x00000151851c71d0
Event: 3.638 Thread 0x0000015185104930 Thread exited: 0x0000015185104930
Event: 9.021 Thread 0x00000151847365d0 Thread exited: 0x00000151847365d0
Event: 9.021 Thread 0x0000015183ee9930 Thread exited: 0x0000015183ee9930
Event: 9.021 Thread 0x0000015183a3bc40 Thread exited: 0x0000015183a3bc40
Event: 14.021 Thread 0x00000151ffd38a10 Thread exited: 0x00000151ffd38a10
Event: 14.021 Thread 0x00000151836705a0 Thread exited: 0x00000151836705a0


Dynamic libraries:
0x00007ff7af720000 - 0x00007ff7af72d000 	C:\Users\scott\.jabba\jdk\amazon-corretto@1.17.0-0.35.1\bin\javaw.exe
0x00007ff9d3fa0000 - 0x00007ff9d4207000 	C:\WINDOWS\SYSTEM32\ntdll.dll
0x00007ff9d3160000 - 0x00007ff9d3229000 	C:\WINDOWS\System32\KERNEL32.DLL
0x00007ff9d1700000 - 0x00007ff9d1af0000 	C:\WINDOWS\System32\KERNELBASE.dll
0x00007ff9d1190000 - 0x00007ff9d12db000 	C:\WINDOWS\System32\ucrtbase.dll
0x00007ff9b8710000 - 0x00007ff9b8728000 	C:\Users\scott\.jabba\jdk\amazon-corretto@1.17.0-0.35.1\bin\jli.dll
0x00007ff9b86f0000 - 0x00007ff9b8705000 	C:\Users\scott\.jabba\jdk\amazon-corretto@1.17.0-0.35.1\bin\VCRUNTIME140.dll
0x00007ff9d2e60000 - 0x00007ff9d3025000 	C:\WINDOWS\System32\USER32.dll
0x00007ff9bdde0000 - 0x00007ff9be07a000 	C:\WINDOWS\WinSxS\amd64_microsoft.windows.common-controls_6595b64144ccf1df_6.0.26100.4768_none_3e0c112ce331287c\COMCTL32.dll
0x00007ff9d1640000 - 0x00007ff9d1667000 	C:\WINDOWS\System32\win32u.dll
0x00007ff9d25a0000 - 0x00007ff9d2649000 	C:\WINDOWS\System32\msvcrt.dll
0x00007ff9d3570000 - 0x00007ff9d359b000 	C:\WINDOWS\System32\GDI32.dll
0x00007ff9d1500000 - 0x00007ff9d1638000 	C:\WINDOWS\System32\gdi32full.dll
0x00007ff9d1c80000 - 0x00007ff9d1d23000 	C:\WINDOWS\System32\msvcp_win.dll
0x00007ff9d3db0000 - 0x00007ff9d3ddf000 	C:\WINDOWS\System32\IMM32.DLL
0x00007ff9b01a0000 - 0x00007ff9b023b000 	C:\Users\scott\.jabba\jdk\amazon-corretto@1.17.0-0.35.1\bin\msvcp140.dll
0x00007ff93ccc0000 - 0x00007ff93d8d9000 	C:\Users\scott\.jabba\jdk\amazon-corretto@1.17.0-0.35.1\bin\server\jvm.dll
0x00007ff9d3df0000 - 0x00007ff9d3ea4000 	C:\WINDOWS\System32\ADVAPI32.dll
0x00007ff9d30b0000 - 0x00007ff9d3156000 	C:\WINDOWS\System32\sechost.dll
0x00007ff9d35a0000 - 0x00007ff9d36b8000 	C:\WINDOWS\System32\RPCRT4.dll
0x00007ff9d3f50000 - 0x00007ff9d3f58000 	C:\WINDOWS\System32\PSAPI.DLL
0x00007ff9ba8e0000 - 0x00007ff9ba8ea000 	C:\WINDOWS\SYSTEM32\WSOCK32.dll
0x00007ff9c8830000 - 0x00007ff9c8865000 	C:\WINDOWS\SYSTEM32\WINMM.dll
0x00007ff9ca1d0000 - 0x00007ff9ca1db000 	C:\WINDOWS\SYSTEM32\VERSION.dll
0x00007ff9d3d30000 - 0x00007ff9d3da4000 	C:\WINDOWS\System32\WS2_32.dll
0x00007ff9cfe10000 - 0x00007ff9cfe2b000 	C:\WINDOWS\SYSTEM32\kernel.appcore.dll
0x00007ff9bb6a0000 - 0x00007ff9bb6aa000 	C:\Users\scott\.jabba\jdk\amazon-corretto@1.17.0-0.35.1\bin\jimage.dll
0x00007ff9c4760000 - 0x00007ff9c49a1000 	C:\WINDOWS\SYSTEM32\DBGHELP.DLL
0x00007ff9d39a0000 - 0x00007ff9d3d25000 	C:\WINDOWS\System32\combase.dll
0x00007ff9d3290000 - 0x00007ff9d3370000 	C:\WINDOWS\System32\OLEAUT32.dll
0x00007ff9c21c0000 - 0x00007ff9c2203000 	C:\WINDOWS\SYSTEM32\dbgcore.DLL
0x00007ff9d12e0000 - 0x00007ff9d1379000 	C:\WINDOWS\System32\bcryptPrimitives.dll
0x00007ff9b0270000 - 0x00007ff9b02aa000 	C:\Users\scott\.jabba\jdk\amazon-corretto@1.17.0-0.35.1\bin\jdwp.dll
0x00007ff9ba8d0000 - 0x00007ff9ba8de000 	C:\Users\scott\.jabba\jdk\amazon-corretto@1.17.0-0.35.1\bin\instrument.dll
0x00007ff9a8d60000 - 0x00007ff9a8d85000 	C:\Users\scott\.jabba\jdk\amazon-corretto@1.17.0-0.35.1\bin\java.dll
0x00007ff948240000 - 0x00007ff948316000 	C:\Users\scott\.jabba\jdk\amazon-corretto@1.17.0-0.35.1\bin\svml.dll
0x00007ff9d1d40000 - 0x00007ff9d248d000 	C:\WINDOWS\System32\SHELL32.dll
0x00007ff9d1380000 - 0x00007ff9d14f3000 	C:\WINDOWS\System32\wintypes.dll
0x00007ff9cec90000 - 0x00007ff9cf4ef000 	C:\WINDOWS\SYSTEM32\windows.storage.dll
0x00007ff9d24a0000 - 0x00007ff9d2595000 	C:\WINDOWS\System32\SHCORE.dll
0x00007ff9d3930000 - 0x00007ff9d399a000 	C:\WINDOWS\System32\shlwapi.dll
0x00007ff9d0ff0000 - 0x00007ff9d1019000 	C:\WINDOWS\SYSTEM32\profapi.dll
0x00007ff9b0190000 - 0x00007ff9b019c000 	C:\Users\scott\.jabba\jdk\amazon-corretto@1.17.0-0.35.1\bin\dt_socket.dll
0x00007ff9cf800000 - 0x00007ff9cf833000 	C:\WINDOWS\SYSTEM32\IPHLPAPI.DLL
0x00007ff9d0380000 - 0x00007ff9d03eb000 	C:\WINDOWS\system32\mswsock.dll
0x00007ff9cf840000 - 0x00007ff9cf966000 	C:\WINDOWS\SYSTEM32\DNSAPI.dll
0x00007ff9d2490000 - 0x00007ff9d249a000 	C:\WINDOWS\System32\NSI.dll
0x00007ff9c3e60000 - 0x00007ff9c3e6b000 	C:\Windows\System32\rasadhlp.dll
0x00007ff9c8a30000 - 0x00007ff9c8ab6000 	C:\WINDOWS\System32\fwpuclnt.dll
0x00007ff9a8d40000 - 0x00007ff9a8d58000 	C:\Users\scott\.jabba\jdk\amazon-corretto@1.17.0-0.35.1\bin\zip.dll
0x00007ff9a8d20000 - 0x00007ff9a8d39000 	C:\Users\scott\.jabba\jdk\amazon-corretto@1.17.0-0.35.1\bin\net.dll
0x00007ff9c9c40000 - 0x00007ff9c9d5e000 	C:\WINDOWS\SYSTEM32\WINHTTP.dll
0x00007ff9a8d00000 - 0x00007ff9a8d15000 	C:\Users\scott\.jabba\jdk\amazon-corretto@1.17.0-0.35.1\bin\nio.dll
0x00007ff9b0180000 - 0x00007ff9b0190000 	C:\Users\scott\.jabba\jdk\amazon-corretto@1.17.0-0.35.1\bin\verify.dll
0x00007ff9a8cd0000 - 0x00007ff9a8cde000 	C:\Users\scott\.jabba\jdk\amazon-corretto@1.17.0-0.35.1\bin\sunmscapi.dll
0x00007ff9d1b00000 - 0x00007ff9d1c77000 	C:\WINDOWS\System32\CRYPT32.dll
0x00007ff9d08c0000 - 0x00007ff9d08f0000 	C:\WINDOWS\SYSTEM32\ncrypt.dll
0x00007ff9d0870000 - 0x00007ff9d08af000 	C:\WINDOWS\SYSTEM32\NTASN1.dll
0x00007ff9d0760000 - 0x00007ff9d077b000 	C:\WINDOWS\SYSTEM32\CRYPTSP.dll
0x00007ff9cfd70000 - 0x00007ff9cfdab000 	C:\WINDOWS\system32\rsaenh.dll
0x00007ff9d0420000 - 0x00007ff9d044b000 	C:\WINDOWS\SYSTEM32\USERENV.dll
0x00007ff9d0fc0000 - 0x00007ff9d0fe6000 	C:\WINDOWS\SYSTEM32\bcrypt.dll
0x00007ff9d05c0000 - 0x00007ff9d05cc000 	C:\WINDOWS\SYSTEM32\CRYPTBASE.dll
0x00007ff9c9c10000 - 0x00007ff9c9c2f000 	C:\WINDOWS\SYSTEM32\dhcpcsvc6.DLL
0x00007ff9c9bc0000 - 0x00007ff9c9be5000 	C:\WINDOWS\SYSTEM32\dhcpcsvc.DLL

dbghelp: loaded successfully - version: 4.0.5 - missing functions: none
symbol engine: initialized successfully - sym options: 0x614 - pdb path: .;C:\Users\scott\.jabba\jdk\amazon-corretto@1.17.0-0.35.1\bin;C:\WINDOWS\SYSTEM32;C:\WINDOWS\WinSxS\amd64_microsoft.windows.common-controls_6595b64144ccf1df_6.0.26100.4768_none_3e0c112ce331287c;C:\Users\scott\.jabba\jdk\amazon-corretto@1.17.0-0.35.1\bin\server

VM Arguments:
jvm_args: -XX:+ShowCodeDetailsInExceptionMessages -agentlib:jdwp=transport=dt_socket,suspend=y,address=localhost:58067 -javaagent:C:\Users\scott\Tools\jee-2025-03\eclipse\configuration\org.eclipse.osgi\451\0\.cp\lib\javaagent-shaded.jar -Dfile.encoding=UTF-8 -Dstdout.encoding=UTF-8 -Dstderr.encoding=UTF-8 
java_command: com.norpactech.pf.rdbms.Application
java_class_path (initial): C:\Users\scott\Pareto\pareto-rdbms-import\target\classes;C:\Users\scott\.m2\repository\com\squareup\okhttp3\okhttp\4.10.0\okhttp-4.10.0.jar;C:\Users\scott\.m2\repository\com\squareup\okio\okio-jvm\3.0.0\okio-jvm-3.0.0.jar;C:\Users\scott\.m2\repository\org\jetbrains\kotlin\kotlin-stdlib-jdk8\1.5.31\kotlin-stdlib-jdk8-1.5.31.jar;C:\Users\scott\.m2\repository\org\jetbrains\kotlin\kotlin-stdlib-jdk7\1.5.31\kotlin-stdlib-jdk7-1.5.31.jar;C:\Users\scott\.m2\repository\org\jetbrains\kotlin\kotlin-stdlib-common\1.5.31\kotlin-stdlib-common-1.5.31.jar;C:\Users\scott\.m2\repository\org\jetbrains\kotlin\kotlin-stdlib\1.6.20\kotlin-stdlib-1.6.20.jar;C:\Users\scott\.m2\repository\org\jetbrains\annotations\13.0\annotations-13.0.jar;C:\Users\scott\.m2\repository\com\fasterxml\jackson\core\jackson-databind\2.17.2\jackson-databind-2.17.2.jar;C:\Users\scott\.m2\repository\com\fasterxml\jackson\core\jackson-core\2.17.2\jackson-core-2.17.2.jar;C:\Users\scott\.m2\repository\com\fasterxml\jackson\core\jackson-annotations\2.19.2\jackson-annotations-2.19.2.jar;C:\Users\scott\.m2\repository\com\google\code\gson\gson\2.13.1\gson-2.13.1.jar;C:\Users\scott\.m2\repository\com\google\errorprone\error_prone_annotations\2.38.0\error_prone_annotations-2.38.0.jar;C:\Users\scott\.m2\repository\org\apache\commons\commons-lang3\3.12.0\commons-lang3-3.12.0.jar;C:\Users\scott\.m2\repository\us\fatehi\schemacrawler\16.26.3\schemacrawler-16.26.3.jar;C:\Users\scott\.m2\repository\org\slf4j\slf4j-jdk14\2.0.17\slf4j-jdk14-2.0.17.jar;C:\Users\scott\.m2\repository\us\fatehi\schemacrawler-mysql\16.26.3\schemacrawler-mysql-16.26.3.jar;C:\Users\scott\.m2\repository\io\swagger\core\v3\swagger-annotations\2.2.34\swagger-annotations-2.2.34.jar;C:\Users\scott\.m2\repository\org\slf4j\jul-to-slf4j\1.7.36\jul-to-slf4j-1.7.36.jar;C:\Users\scott\.m2\repository\org\slf4j\slf4j-api\1.7.36\slf4j-api-1.7.36.jar;C:\Users\scott\.m2\repository\org\slf4j\slf4j-simple\1.7.36\slf4j-simple-1.7.36.jar;C:\Us
Launcher Type: SUN_STANDARD

[Global flags]
     intx CICompilerCount                          = 12                                        {product} {ergonomic}
     uint ConcGCThreads                            = 3                                         {product} {ergonomic}
     uint G1ConcRefinementThreads                  = 13                                        {product} {ergonomic}
   size_t G1HeapRegionSize                         = 4194304                                   {product} {ergonomic}
    uintx GCDrainStackTargetSize                   = 64                                        {product} {ergonomic}
   size_t InitialHeapSize                          = 528482304                                 {product} {ergonomic}
   size_t MarkStackSize                            = 4194304                                   {product} {ergonomic}
   size_t MaxHeapSize                              = 8430551040                                {product} {ergonomic}
   size_t MaxNewSize                               = 5058330624                                {product} {ergonomic}
   size_t MinHeapDeltaBytes                        = 4194304                                   {product} {ergonomic}
   size_t MinHeapSize                              = 8388608                                   {product} {ergonomic}
    uintx NonNMethodCodeHeapSize                   = 7602480                                {pd product} {ergonomic}
    uintx NonProfiledCodeHeapSize                  = 122027880                              {pd product} {ergonomic}
    uintx ProfiledCodeHeapSize                     = 122027880                              {pd product} {ergonomic}
    uintx ReservedCodeCacheSize                    = 251658240                              {pd product} {ergonomic}
     bool SegmentedCodeCache                       = true                                      {product} {ergonomic}
     bool ShowCodeDetailsInExceptionMessages       = true                                   {manageable} {command line}
   size_t SoftMaxHeapSize                          = 8430551040                             {manageable} {ergonomic}
     bool UseCompressedClassPointers               = true                           {product lp64_product} {ergonomic}
     bool UseCompressedOops                        = true                           {product lp64_product} {ergonomic}
     bool UseG1GC                                  = true                                      {product} {ergonomic}
     bool UseLargePagesIndividualAllocation        = false                                  {pd product} {ergonomic}

Logging:
Log output configuration:
 #0: stdout all=warning uptime,level,tags
 #1: stderr all=off uptime,level,tags

Environment Variables:
JAVA_HOME=C:\Users\scott\.jabba\jdk\amazon-corretto@1.17.0-0.35.1
PATH=C:/Users/scott/.p2/pool/plugins/org.eclipse.justj.openjdk.hotspot.jre.full.win32.x86_64_21.0.6.v20250130-0529/jre/bin/server;C:/Users/scott/.p2/pool/plugins/org.eclipse.justj.openjdk.hotspot.jre.full.win32.x86_64_21.0.6.v20250130-0529/jre/bin;C:\WINDOWS\system32;C:\WINDOWS;C:\WINDOWS\System32\Wbem;C:\WINDOWS\System32\WindowsPowerShell\v1.0\;C:\WINDOWS\System32\OpenSSH\;C:\Users\scott\Tools\jabba;C:\Program Files\Git\cmd;C:\Program Files\MySQL\MySQL Server 8.0\bin;C:\Users\scott\bin;C:\Users\scott\.jabba\jdk\amazon-corretto@1.17.0-0.35.1\bin;C:\Users\scott\AppData\Local\nvm;C:\Users\scott\nodejs;C:\Users\scott\Tools\apache-maven-3.3.3\bin;C:\Program Files\PostgreSQL\17\bin;;C:\Program Files\usbipd-win\;C:\Program Files\Docker\Docker\resources\bin;C:\Users\scott\AppData\Local\Microsoft\WindowsApps;C:\Users\scott\AppData\Local\Programs\Microsoft VS Code\bin;C:\Users\scott\AppData\Local\nvm;C:\Users\scott\nodejs;C:\Users\scott\Tools\jee-2025-03\eclipse;
USERNAME=scott
OS=Windows_NT
PROCESSOR_IDENTIFIER=AMD64 Family 25 Model 80 Stepping 0, AuthenticAMD



---------------  S Y S T E M  ---------------

OS:
 Windows 10 , 64 bit Build 26100 (10.0.26100.4768)
OS uptime: 0 days 1:49 hours
Hyper-V role detected

CPU: total 16 (initial active 16) (16 cores per cpu, 2 threads per core) family 25 model 80 stepping 0 microcode 0xa50000f, cx8, cmov, fxsr, ht, mmx, 3dnowpref, sse, sse2, sse3, ssse3, sse4a, sse4.1, sse4.2, popcnt, lzcnt, tsc, tscinvbit, avx, avx2, aes, erms, clmul, bmi1, bmi2, adx, sha, fma, vzeroupper, clflush, clflushopt, hv

Memory: 4k page, system-wide physical 32156M (14494M free)
TotalPageFile size 34204M (AvailPageFile size 10646M)
current process WorkingSet (physical memory assigned to process): 201M, peak: 269M
current process commit charge ("private bytes"): 655M, peak: 732M

vm_info: OpenJDK 64-Bit Server VM (17+35-LTS) for windows-amd64 JRE (17+35-LTS), built on Aug 20 2021 17:53:11 by "Administrator" with MS VC++ 15.9 (VS2017)

END.
